<?xml version="1.0" encoding="UTF-8"?>
<!-- Generated by org.testng.reporters.JUnitReportReporter -->
<testsuite hostname="DESKTOP-F4PMV4Q" name="com.task.Flipkart" tests="4" failures="0" timestamp="15 Oct 2021 03:11:51 GMT" time="29.228" errors="0">
  <testcase name="login" time="2.561" classname="com.task.Flipkart"/>
  <testcase name="getText" time="6.229" classname="com.task.Flipkart"/>
  <testcase name="search" time="3.726" classname="com.task.Flipkart"/>
  <testcase name="windows" time="16.712" classname="com.task.Flipkart"/>
</testsuite> <!-- com.task.Flipkart -->
