<?xml version="1.0" encoding="UTF-8"?>
<!-- Generated by org.testng.reporters.JUnitReportReporter -->
<testsuite hostname="DESKTOP-F4PMV4Q" name="com.task.Flipkart" tests="4" failures="0" timestamp="15 Oct 2021 10:19:31 GMT" time="28.242" errors="0">
  <testcase name="login" time="2.601" classname="com.task.Flipkart"/>
  <testcase name="search" time="2.474" classname="com.task.Flipkart"/>
  <testcase name="windows" time="16.766" classname="com.task.Flipkart"/>
  <testcase name="getText" time="6.401" classname="com.task.Flipkart"/>
</testsuite> <!-- com.task.Flipkart -->
