<?xml version="1.0" encoding="UTF-8"?>
<!-- Generated by org.testng.reporters.JUnitReportReporter -->
<testsuite hostname="DESKTOP-F4PMV4Q" name="com.task.Amazon" tests="1" failures="0" timestamp="15 Oct 2021 03:11:51 GMT" time="7.184" errors="0">
  <testcase name="search" time="7.184" classname="com.task.Amazon"/>
</testsuite> <!-- com.task.Amazon -->
